Tue Mar 10 01:18:08 PM UTC 2026 Temperature: 0.0 °C
Tue Mar 10 01:18:19 PM UTC 2026 Temperature: 0.0 °C
--- Tue Mar 10 01:19:19 PM UTC 2026 ---
Tashkent: 0.0 °C
Samarkand: 2.0 °C
Bukhara: 2.1 °C
Tue Mar 10 01:23:45 PM UTC 2026 Temperature: 0.0 °C
Tue Mar 10 01:24:18 PM UTC 2026 Temperature: 0.0 °C
Tue Mar 10 01:24:27 PM UTC 2026 Temperature: 0.0 °C
Tue Mar 10 01:24:33 PM UTC 2026 Temperature: 0.0 °C
Tue Mar 10 01:24:34 PM UTC 2026 Temperature: 0.0 °C
Tue Mar 10 01:25:25 PM UTC 2026 Temperature: 0.0 °C
--- Tue Mar 10 01:26:43 PM UTC 2026 ---
Tashkent: 0.0 °C
Samarkand: 2.0 °C
Bukhara: 2.1 °C
--- Tue Mar 10 01:27:11 PM UTC 2026 ---
Tashkent: 0.0 °C
Samarkand: 2.0 °C
Bukhara: 2.1 °C
--- Tue Mar 10 01:27:17 PM UTC 2026 ---
Tashkent: 0.0 °C
Samarkand: 2.0 °C
Bukhara: 2.1 °C
--- Tue Mar 10 01:27:39 PM UTC 2026 ---
Tashkent: 0.0 °C
Samarkand: 2.0 °C
Bukhara: 2.1 °C
